<?xml version="1.0" encoding="UTF-8"?>
<!-- Generated by org.testng.reporters.JUnitXMLReporter -->
<testsuite ignored="0" hostname="PC59" failures="0" tests="6" name="Default test" time="7.978" errors="0" timestamp="2022-03-31T16:49:11 ICT">
  <testcase classname="tests.ExampleRESTRequests" name="testDeleteUser" time="2.458"/>
  <testcase classname="tests.ExampleRESTRequests" name="testGetAllUsers" time="1.915"/>
  <testcase classname="tests.ExampleRESTRequests" name="testGetUser" time="0.406"/>
  <testcase classname="tests.ExampleRESTRequests" name="testPatchUser" time="0.889"/>
  <testcase classname="tests.ExampleRESTRequests" name="testPostUser" time="0.764"/>
  <testcase classname="tests.ExampleRESTRequests" name="testPutUser" time="0.949"/>
</testsuite> <!-- Default test -->
